running egg_info
writing ../../build/rfid_pubsub/rfid_pubsub.egg-info/PKG-INFO
writing dependency_links to ../../build/rfid_pubsub/rfid_pubsub.egg-info/dependency_links.txt
writing entry points to ../../build/rfid_pubsub/rfid_pubsub.egg-info/entry_points.txt
writing requirements to ../../build/rfid_pubsub/rfid_pubsub.egg-info/requires.txt
writing top-level names to ../../build/rfid_pubsub/rfid_pubsub.egg-info/top_level.txt
reading manifest file '../../build/rfid_pubsub/rfid_pubsub.egg-info/SOURCES.txt'
adding license file 'LICENSE'
writing manifest file '../../build/rfid_pubsub/rfid_pubsub.egg-info/SOURCES.txt'
running build
running build_py
copying rfid_pubsub/subscriber_member_function.py -> /home/javier/rfid_read_ws/rfid_read_ws/build/rfid_pubsub/build/lib/rfid_pubsub
copying rfid_pubsub/publisher_member_function.py -> /home/javier/rfid_read_ws/rfid_read_ws/build/rfid_pubsub/build/lib/rfid_pubsub
running install
running install_lib
copying /home/javier/rfid_read_ws/rfid_read_ws/build/rfid_pubsub/build/lib/rfid_pubsub/subscriber_member_function.py -> /home/javier/rfid_read_ws/rfid_read_ws/install/rfid_pubsub/lib/python3.10/site-packages/rfid_pubsub
copying /home/javier/rfid_read_ws/rfid_read_ws/build/rfid_pubsub/build/lib/rfid_pubsub/publisher_member_function.py -> /home/javier/rfid_read_ws/rfid_read_ws/install/rfid_pubsub/lib/python3.10/site-packages/rfid_pubsub
byte-compiling /home/javier/rfid_read_ws/rfid_read_ws/install/rfid_pubsub/lib/python3.10/site-packages/rfid_pubsub/subscriber_member_function.py to subscriber_member_function.cpython-310.pyc
byte-compiling /home/javier/rfid_read_ws/rfid_read_ws/install/rfid_pubsub/lib/python3.10/site-packages/rfid_pubsub/publisher_member_function.py to publisher_member_function.cpython-310.pyc
running install_data
running install_egg_info
removing '/home/javier/rfid_read_ws/rfid_read_ws/install/rfid_pubsub/lib/python3.10/site-packages/rfid_pubsub-0.0.0-py3.10.egg-info' (and everything under it)
Copying ../../build/rfid_pubsub/rfid_pubsub.egg-info to /home/javier/rfid_read_ws/rfid_read_ws/install/rfid_pubsub/lib/python3.10/site-packages/rfid_pubsub-0.0.0-py3.10.egg-info
running install_scripts
Installing listener script to /home/javier/rfid_read_ws/rfid_read_ws/install/rfid_pubsub/lib/rfid_pubsub
Installing rfid_talker script to /home/javier/rfid_read_ws/rfid_read_ws/install/rfid_pubsub/lib/rfid_pubsub
Installing talker script to /home/javier/rfid_read_ws/rfid_read_ws/install/rfid_pubsub/lib/rfid_pubsub
writing list of installed files to '/home/javier/rfid_read_ws/rfid_read_ws/build/rfid_pubsub/install.log'
